This file contains any messages produced by compilers while
running configure, to aid debugging if configure makes a mistake.

It was created by Torc-Lite configure 0.1a, which was
generated by GNU Autoconf 2.69.  Invocation command line was

  $ ./configure --prefix=/Users/phadjido/usr/torc --no-create --no-recursion

## --------- ##
## Platform. ##
## --------- ##

hostname = Panagiotiss-MacBook-Pro-2.local
uname -m = x86_64
uname -r = 16.1.0
uname -s = Darwin
uname -v = Darwin Kernel Version 16.1.0: Thu Oct 13 21:26:57 PDT 2016; root:xnu-3789.21.3~60/RELEASE_X86_64

/usr/bin/uname -p = i386
/bin/uname -X     = unknown

/bin/arch              = unknown
/usr/bin/arch -k       = unknown
/usr/convex/getsysinfo = unknown
/usr/bin/hostinfo      = Mach kernel version:
	 Darwin Kernel Version 16.1.0: Thu Oct 13 21:26:57 PDT 2016; root:xnu-3789.21.3~60/RELEASE_X86_64
Kernel configured for up to 4 processors.
2 processors are physically available.
4 processors are logically available.
Processor type: x86_64h (Intel x86-64h Haswell)
Processors active: 0 1 2 3
Primary memory available: 16.00 gigabytes
Default processor set: 359 tasks, 2066 threads, 4 processors
Load average: 2.16, Mach factor: 1.94
/bin/machine           = unknown
/usr/bin/oslevel       = unknown
/bin/universe          = unknown

PATH: /Users/phadjido/usr/hdf5/bin
PATH: /Users/phadjido/usr/torc/bin
PATH: /Users/phadjido/bin
PATH: /usr/local/bin
PATH: /usr/local/bin
PATH: /usr/bin
PATH: /bin
PATH: /usr/sbin
PATH: /sbin
PATH: /opt/X11/bin
PATH: /Library/TeX/texbin


## ----------- ##
## Core tests. ##
## ----------- ##

configure:2278: checking build system type
configure:2292: result: x86_64-apple-darwin16.1.0
configure:2312: checking host system type
configure:2325: result: x86_64-apple-darwin16.1.0
configure:2345: checking target system type
configure:2358: result: x86_64-apple-darwin16.1.0
configure:2404: checking for a BSD-compatible install
configure:2472: result: /usr/bin/install -c
configure:2483: checking whether build environment is sane
configure:2538: result: yes
configure:2689: checking for a thread-safe mkdir -p
configure:2728: result: auxdir/install-sh -c -d
configure:2735: checking for gawk
configure:2765: result: no
configure:2735: checking for mawk
configure:2765: result: no
configure:2735: checking for nawk
configure:2765: result: no
configure:2735: checking for awk
configure:2751: found /usr/bin/awk
configure:2762: result: awk
configure:2773: checking whether make sets $(MAKE)
configure:2795: result: yes
configure:2824: checking whether make supports nested variables
configure:2841: result: yes
configure:3022: checking for mpicc
configure:3038: found /usr/local/bin/mpicc
configure:3049: result: mpicc
configure:3080: checking for C compiler version
configure:3089: mpicc --version >&5
Apple LLVM version 8.0.0 (clang-800.0.42.1)
Target: x86_64-apple-darwin16.1.0
Thread model: posix
InstalledDir: /Applications/Xcode.app/Contents/Developer/Toolchains/XcodeDefault.xctoolchain/usr/bin
configure:3100: $? = 0
configure:3089: mpicc -v >&5
mpicc for MPICH version 3.2
Apple LLVM version 8.0.0 (clang-800.0.42.1)
Target: x86_64-apple-darwin16.1.0
Thread model: posix
InstalledDir: /Applications/Xcode.app/Contents/Developer/Toolchains/XcodeDefault.xctoolchain/usr/bin
clang: warning: argument unused during compilation: '-I /usr/local/Cellar/mpich/3.2_2/include'
configure:3100: $? = 0
configure:3089: mpicc -V >&5
clang: error: unsupported option '-V -I/usr/local/Cellar/mpich/3.2_2/include'
configure:3100: $? = 1
configure:3089: mpicc -qversion >&5
clang: error: unknown argument: '-qversion'
configure:3100: $? = 1
configure:3120: checking whether the C compiler works
configure:3142: mpicc    conftest.c  >&5
configure:3146: $? = 0
configure:3194: result: yes
configure:3197: checking for C compiler default output file name
configure:3199: result: a.out
configure:3205: checking for suffix of executables
configure:3212: mpicc -o conftest    conftest.c  >&5
configure:3216: $? = 0
configure:3238: result: 
configure:3260: checking whether we are cross compiling
configure:3268: mpicc -o conftest    conftest.c  >&5
configure:3272: $? = 0
configure:3279: ./conftest
configure:3283: $? = 0
configure:3298: result: no
configure:3303: checking for suffix of object files
configure:3325: mpicc -c   conftest.c >&5
configure:3329: $? = 0
configure:3350: result: o
configure:3354: checking whether we are using the GNU C compiler
configure:3373: mpicc -c   conftest.c >&5
configure:3373: $? = 0
configure:3382: result: yes
configure:3391: checking whether mpicc accepts -g
configure:3411: mpicc -c -g  conftest.c >&5
configure:3411: $? = 0
configure:3452: result: yes
configure:3469: checking for mpicc option to accept ISO C89
configure:3532: mpicc  -c -g -O2  conftest.c >&5
configure:3532: $? = 0
configure:3545: result: none needed
configure:3570: checking whether mpicc understands -c and -o together
configure:3592: mpicc -c conftest.c -o conftest2.o
configure:3595: $? = 0
configure:3592: mpicc -c conftest.c -o conftest2.o
configure:3595: $? = 0
configure:3607: result: yes
configure:3635: checking for style of include used by make
configure:3663: result: GNU
configure:3689: checking dependency style of mpicc
configure:3800: result: gcc3
configure:3868: checking for mpif90
configure:3884: found /usr/local/bin/mpif90
configure:3895: result: mpif90
configure:3921: checking for Fortran 77 compiler version
configure:3930: mpif90 --version >&5
GNU Fortran (Homebrew gcc 6.2.0) 6.2.0
Copyright (C) 2016 Free Software Foundation, Inc.
This is free software; see the source for copying conditions.  There is NO
warranty; not even for MERCHANTABILITY or FITNESS FOR A PARTICULAR PURPOSE.

configure:3941: $? = 0
configure:3930: mpif90 -v >&5
mpifort for MPICH version 3.2
Using built-in specs.
COLLECT_GCC=/usr/local/bin/gfortran
COLLECT_LTO_WRAPPER=/usr/local/Cellar/gcc/6.2.0/libexec/gcc/x86_64-apple-darwin16.0.0/6.2.0/lto-wrapper
Target: x86_64-apple-darwin16.0.0
Configured with: ../configure --build=x86_64-apple-darwin16.0.0 --prefix=/usr/local/Cellar/gcc/6.2.0 --libdir=/usr/local/Cellar/gcc/6.2.0/lib/gcc/6 --enable-languages=c,c++,objc,obj-c++,fortran --program-suffix=-6 --with-gmp=/usr/local/opt/gmp --with-mpfr=/usr/local/opt/mpfr --with-mpc=/usr/local/opt/libmpc --with-isl=/usr/local/opt/isl --with-system-zlib --enable-libstdcxx-time=yes --enable-stage1-checking --enable-checking=release --enable-lto --with-build-config=bootstrap-debug --disable-werror --with-pkgversion='Homebrew gcc 6.2.0' --with-bugurl=https://github.com/Homebrew/homebrew/issues --enable-plugin --disable-nls --enable-multilib --with-native-system-header-dir=/usr/include --with-sysroot=/Applications/Xcode.app/Contents/Developer/Platforms/MacOSX.platform/Developer/SDKs/MacOSX10.12.sdk
Thread model: posix
gcc version 6.2.0 (Homebrew gcc 6.2.0) 
configure:3941: $? = 0
configure:3930: mpif90 -V >&5
gfortran: error: unrecognized command line option '-V'
configure:3941: $? = 1
configure:3930: mpif90 -qversion >&5
gfortran: error: unrecognized command line option '-qversion'; did you mean '--version'?
configure:3941: $? = 1
configure:3950: checking whether we are using the GNU Fortran 77 compiler
configure:3963: mpif90 -c  conftest.F >&5
configure:3963: $? = 0
configure:3972: result: yes
configure:3978: checking whether mpif90 accepts -g
configure:3989: mpif90 -c -g conftest.f >&5
configure:3989: $? = 0
configure:3997: result: yes
configure:4038: checking how to run the C preprocessor
configure:4069: mpicc -E  conftest.c
configure:4069: $? = 0
configure:4083: mpicc -E  conftest.c
conftest.c:11:10: fatal error: 'ac_nonexistent.h' file not found
#include <ac_nonexistent.h>
         ^
1 error generated.
configure:4083: $? = 1
configure: failed program was:
| /* confdefs.h */
| #define PACKAGE_NAME "Torc-Lite"
| #define PACKAGE_TARNAME "Torc-Lite"
| #define PACKAGE_VERSION "0.1a"
| #define PACKAGE_STRING "Torc-Lite 0.1a"
| #define PACKAGE_BUGREPORT ""
| #define PACKAGE_URL ""
| #define PACKAGE "Torc-Lite"
| #define VERSION "0.1a"
| /* end confdefs.h.  */
| #include <ac_nonexistent.h>
configure:4108: result: mpicc -E
configure:4128: mpicc -E  conftest.c
configure:4128: $? = 0
configure:4142: mpicc -E  conftest.c
conftest.c:11:10: fatal error: 'ac_nonexistent.h' file not found
#include <ac_nonexistent.h>
         ^
1 error generated.
configure:4142: $? = 1
configure: failed program was:
| /* confdefs.h */
| #define PACKAGE_NAME "Torc-Lite"
| #define PACKAGE_TARNAME "Torc-Lite"
| #define PACKAGE_VERSION "0.1a"
| #define PACKAGE_STRING "Torc-Lite 0.1a"
| #define PACKAGE_BUGREPORT ""
| #define PACKAGE_URL ""
| #define PACKAGE "Torc-Lite"
| #define VERSION "0.1a"
| /* end confdefs.h.  */
| #include <ac_nonexistent.h>
configure:4171: checking whether make sets $(MAKE)
configure:4193: result: yes
configure:4245: checking for ranlib
configure:4261: found /usr/bin/ranlib
configure:4272: result: ranlib
configure:4303: checking dependency style of mpicc
configure:4412: result: gcc3
configure:4433: checking how to get verbose linking output from mpif90
configure:4443: mpif90 -c -g -O2 conftest.f >&5
configure:4443: $? = 0
configure:4461: mpif90 -o conftest -g -O2 -v conftest.f
mpifort for MPICH version 3.2
Using built-in specs.
Target: x86_64-apple-darwin16.0.0
Thread model: posix
gcc version 6.2.0 (Homebrew gcc 6.2.0) 
 /usr/local/Cellar/gcc/6.2.0/libexec/gcc/x86_64-apple-darwin16.0.0/6.2.0/f951 conftest.f -ffixed-form -I /usr/local/Cellar/mpich/3.2_2/include -I /usr/local/Cellar/mpich/3.2_2/include -fPIC -feliminate-unused-debug-symbols -quiet -dumpbase conftest.f -mmacosx-version-min=10.12.1 -mtune=core2 -auxbase conftest -g -O2 -version -fintrinsic-modules-path /usr/local/Cellar/gcc/6.2.0/lib/gcc/6/gcc/x86_64-apple-darwin16.0.0/6.2.0/finclude -o /var/folders/ln/chqb67bd6tq62_dwkz846hbc0000gn/T//ccETmyYv.s
GNU Fortran (Homebrew gcc 6.2.0) version 6.2.0 (x86_64-apple-darwin16.0.0)
	compiled by GNU C version 6.2.0, GMP version 6.1.1, MPFR version 3.1.5, MPC version 1.0.3, isl version 0.15
GGC heuristics: --param ggc-min-expand=100 --param ggc-min-heapsize=131072
GNU Fortran2008 (Homebrew gcc 6.2.0) version 6.2.0 (x86_64-apple-darwin16.0.0)
	compiled by GNU C version 6.2.0, GMP version 6.1.1, MPFR version 3.1.5, MPC version 1.0.3, isl version 0.15
GGC heuristics: --param ggc-min-expand=100 --param ggc-min-heapsize=131072
 as -arch x86_64 -force_cpusubtype_ALL -o /var/folders/ln/chqb67bd6tq62_dwkz846hbc0000gn/T//ccLKnOr5.o /var/folders/ln/chqb67bd6tq62_dwkz846hbc0000gn/T//ccETmyYv.s
Reading specs from /usr/local/Cellar/gcc/6.2.0/lib/gcc/6/gcc/x86_64-apple-darwin16.0.0/6.2.0/../../../libgfortran.spec
rename spec lib to liborig
 /usr/local/Cellar/gcc/6.2.0/libexec/gcc/x86_64-apple-darwin16.0.0/6.2.0/collect2 -syslibroot /Applications/Xcode.app/Contents/Developer/Platforms/MacOSX.platform/Developer/SDKs/MacOSX10.12.sdk/ -dynamic -arch x86_64 -macosx_version_min 10.12.1 -weak_reference_mismatches non-weak -o conftest -L/usr/local/Cellar/mpich/3.2_2/lib -L/usr/local/Cellar/gcc/6.2.0/lib/gcc/6/gcc/x86_64-apple-darwin16.0.0/6.2.0 -L/usr/local/Cellar/gcc/6.2.0/lib/gcc/6/gcc/x86_64-apple-darwin16.0.0/6.2.0/../../.. -flat_namespace -commons use_dylibs /var/folders/ln/chqb67bd6tq62_dwkz846hbc0000gn/T//ccLKnOr5.o -lmpifort -lmpi -lpmpi -lgfortran -no_compact_unwind -lSystem -lgcc_ext.10.5 -lgcc -lquadmath -lm -lgcc_ext.10.5 -lgcc -lSystem -v -idsym -dsym
collect2 version 6.2.0
/usr/bin/ld -syslibroot /Applications/Xcode.app/Contents/Developer/Platforms/MacOSX.platform/Developer/SDKs/MacOSX10.12.sdk/ -dynamic -arch x86_64 -macosx_version_min 10.12.1 -weak_reference_mismatches non-weak -o conftest -L/usr/local/Cellar/mpich/3.2_2/lib -L/usr/local/Cellar/gcc/6.2.0/lib/gcc/6/gcc/x86_64-apple-darwin16.0.0/6.2.0 -L/usr/local/Cellar/gcc/6.2.0/lib/gcc/6/gcc/x86_64-apple-darwin16.0.0/6.2.0/../../.. -flat_namespace -commons use_dylibs /var/folders/ln/chqb67bd6tq62_dwkz846hbc0000gn/T//ccLKnOr5.o -lmpifort -lmpi -lpmpi -lgfortran -no_compact_unwind -lSystem -lgcc_ext.10.5 -lgcc -lquadmath -lm -lgcc_ext.10.5 -lgcc -lSystem -v
@(#)PROGRAM:ld  PROJECT:ld64-274.1
configured to support archs: armv6 armv7 armv7s arm64 i386 x86_64 x86_64h armv6m armv7k armv7m armv7em (tvOS)
Library search paths:
	/usr/local/Cellar/mpich/3.2_2/lib
	/usr/local/Cellar/gcc/6.2.0/lib/gcc/6/gcc/x86_64-apple-darwin16.0.0/6.2.0
	/usr/local/Cellar/gcc/6.2.0/lib/gcc/6
	/Applications/Xcode.app/Contents/Developer/Platforms/MacOSX.platform/Developer/SDKs/MacOSX10.12.sdk/usr/lib
Framework search paths:
	/Applications/Xcode.app/Contents/Developer/Platforms/MacOSX.platform/Developer/SDKs/MacOSX10.12.sdk/System/Library/Frameworks/
 /usr/bin/nm -n /var/folders/ln/chqb67bd6tq62_dwkz846hbc0000gn/T//ccLKnOr5.o
dsymutil conftest
configure:4544: result: -v
configure:4546: checking for Fortran 77 libraries of mpif90
configure:4569: mpif90 -o conftest -g -O2 -v conftest.f
mpifort for MPICH version 3.2
Using built-in specs.
Target: x86_64-apple-darwin16.0.0
Thread model: posix
gcc version 6.2.0 (Homebrew gcc 6.2.0) 
 /usr/local/Cellar/gcc/6.2.0/libexec/gcc/x86_64-apple-darwin16.0.0/6.2.0/f951 conftest.f -ffixed-form -I /usr/local/Cellar/mpich/3.2_2/include -I /usr/local/Cellar/mpich/3.2_2/include -fPIC -feliminate-unused-debug-symbols -quiet -dumpbase conftest.f -mmacosx-version-min=10.12.1 -mtune=core2 -auxbase conftest -g -O2 -version -fintrinsic-modules-path /usr/local/Cellar/gcc/6.2.0/lib/gcc/6/gcc/x86_64-apple-darwin16.0.0/6.2.0/finclude -o /var/folders/ln/chqb67bd6tq62_dwkz846hbc0000gn/T//ccrUXMnU.s
GNU Fortran (Homebrew gcc 6.2.0) version 6.2.0 (x86_64-apple-darwin16.0.0)
	compiled by GNU C version 6.2.0, GMP version 6.1.1, MPFR version 3.1.5, MPC version 1.0.3, isl version 0.15
GGC heuristics: --param ggc-min-expand=100 --param ggc-min-heapsize=131072
GNU Fortran2008 (Homebrew gcc 6.2.0) version 6.2.0 (x86_64-apple-darwin16.0.0)
	compiled by GNU C version 6.2.0, GMP version 6.1.1, MPFR version 3.1.5, MPC version 1.0.3, isl version 0.15
GGC heuristics: --param ggc-min-expand=100 --param ggc-min-heapsize=131072
 as -arch x86_64 -force_cpusubtype_ALL -o /var/folders/ln/chqb67bd6tq62_dwkz846hbc0000gn/T//cczKFMlS.o /var/folders/ln/chqb67bd6tq62_dwkz846hbc0000gn/T//ccrUXMnU.s
Reading specs from /usr/local/Cellar/gcc/6.2.0/lib/gcc/6/gcc/x86_64-apple-darwin16.0.0/6.2.0/../../../libgfortran.spec
rename spec lib to liborig
 /usr/local/Cellar/gcc/6.2.0/libexec/gcc/x86_64-apple-darwin16.0.0/6.2.0/collect2 -syslibroot /Applications/Xcode.app/Contents/Developer/Platforms/MacOSX.platform/Developer/SDKs/MacOSX10.12.sdk/ -dynamic -arch x86_64 -macosx_version_min 10.12.1 -weak_reference_mismatches non-weak -o conftest -L/usr/local/Cellar/mpich/3.2_2/lib -L/usr/local/Cellar/gcc/6.2.0/lib/gcc/6/gcc/x86_64-apple-darwin16.0.0/6.2.0 -L/usr/local/Cellar/gcc/6.2.0/lib/gcc/6/gcc/x86_64-apple-darwin16.0.0/6.2.0/../../.. -flat_namespace -commons use_dylibs /var/folders/ln/chqb67bd6tq62_dwkz846hbc0000gn/T//cczKFMlS.o -lmpifort -lmpi -lpmpi -lgfortran -no_compact_unwind -lSystem -lgcc_ext.10.5 -lgcc -lquadmath -lm -lgcc_ext.10.5 -lgcc -lSystem -v -idsym -dsym
collect2 version 6.2.0
/usr/bin/ld -syslibroot /Applications/Xcode.app/Contents/Developer/Platforms/MacOSX.platform/Developer/SDKs/MacOSX10.12.sdk/ -dynamic -arch x86_64 -macosx_version_min 10.12.1 -weak_reference_mismatches non-weak -o conftest -L/usr/local/Cellar/mpich/3.2_2/lib -L/usr/local/Cellar/gcc/6.2.0/lib/gcc/6/gcc/x86_64-apple-darwin16.0.0/6.2.0 -L/usr/local/Cellar/gcc/6.2.0/lib/gcc/6/gcc/x86_64-apple-darwin16.0.0/6.2.0/../../.. -flat_namespace -commons use_dylibs /var/folders/ln/chqb67bd6tq62_dwkz846hbc0000gn/T//cczKFMlS.o -lmpifort -lmpi -lpmpi -lgfortran -no_compact_unwind -lSystem -lgcc_ext.10.5 -lgcc -lquadmath -lm -lgcc_ext.10.5 -lgcc -lSystem -v
@(#)PROGRAM:ld  PROJECT:ld64-274.1
configured to support archs: armv6 armv7 armv7s arm64 i386 x86_64 x86_64h armv6m armv7k armv7m armv7em (tvOS)
Library search paths:
	/usr/local/Cellar/mpich/3.2_2/lib
	/usr/local/Cellar/gcc/6.2.0/lib/gcc/6/gcc/x86_64-apple-darwin16.0.0/6.2.0
	/usr/local/Cellar/gcc/6.2.0/lib/gcc/6
	/Applications/Xcode.app/Contents/Developer/Platforms/MacOSX.platform/Developer/SDKs/MacOSX10.12.sdk/usr/lib
Framework search paths:
	/Applications/Xcode.app/Contents/Developer/Platforms/MacOSX.platform/Developer/SDKs/MacOSX10.12.sdk/System/Library/Frameworks/
 /usr/bin/nm -n /var/folders/ln/chqb67bd6tq62_dwkz846hbc0000gn/T//cczKFMlS.o
dsymutil conftest
configure:4765: result:  -L/usr/local/Cellar/mpich/3.2_2/lib -L/usr/local/Cellar/gcc/6.2.0/lib/gcc/6/gcc/x86_64-apple-darwin16.0.0/6.2.0 -L/usr/local/Cellar/gcc/6.2.0/lib/gcc/6/gcc/x86_64-apple-darwin16.0.0/6.2.0/../../.. -lmpifort -lmpi -lpmpi -lgfortran -lquadmath -lm
configure:4782: checking for dummy main to link with Fortran 77 libraries
configure:4816: mpicc -o conftest -g -O2   conftest.c   -L/usr/local/Cellar/mpich/3.2_2/lib -L/usr/local/Cellar/gcc/6.2.0/lib/gcc/6/gcc/x86_64-apple-darwin16.0.0/6.2.0 -L/usr/local/Cellar/gcc/6.2.0/lib/gcc/6/gcc/x86_64-apple-darwin16.0.0/6.2.0/../../.. -lmpifort -lmpi -lpmpi -lgfortran -lquadmath -lm >&5
configure:4816: $? = 0
configure:4861: result: none
configure:4894: checking for Fortran 77 name-mangling scheme
configure:4907: mpif90 -c -g -O2 conftest.f >&5
configure:4907: $? = 0
configure:4948: mpicc -o conftest -g -O2   conftest.c cfortran_test.o   -L/usr/local/Cellar/mpich/3.2_2/lib -L/usr/local/Cellar/gcc/6.2.0/lib/gcc/6/gcc/x86_64-apple-darwin16.0.0/6.2.0 -L/usr/local/Cellar/gcc/6.2.0/lib/gcc/6/gcc/x86_64-apple-darwin16.0.0/6.2.0/../../.. -lmpifort -lmpi -lpmpi -lgfortran -lquadmath -lm >&5
Undefined symbols for architecture x86_64:
  "_foobar", referenced from:
      _main in conftest-0d4bf2.o
     (maybe you meant: _foobar_)
ld: symbol(s) not found for architecture x86_64
clang: error: linker command failed with exit code 1 (use -v to see invocation)
configure:4948: $? = 1
configure: failed program was:
| /* confdefs.h */
| #define PACKAGE_NAME "Torc-Lite"
| #define PACKAGE_TARNAME "Torc-Lite"
| #define PACKAGE_VERSION "0.1a"
| #define PACKAGE_STRING "Torc-Lite 0.1a"
| #define PACKAGE_BUGREPORT ""
| #define PACKAGE_URL ""
| #define PACKAGE "Torc-Lite"
| #define VERSION "0.1a"
| /* end confdefs.h.  */
| 
| /* Override any GCC internal prototype to avoid an error.
|    Use char because int might match the return type of a GCC
|    builtin and then its argument prototype would still apply.  */
| #ifdef __cplusplus
| extern "C"
| #endif
| char foobar ();
| #ifdef F77_DUMMY_MAIN
| 
| #  ifdef __cplusplus
|      extern "C"
| #  endif
|    int F77_DUMMY_MAIN() { return 1; }
| 
| #endif
| int
| main ()
| {
| return foobar ();
|   ;
|   return 0;
| }
configure:4948: mpicc -o conftest -g -O2   conftest.c cfortran_test.o   -L/usr/local/Cellar/mpich/3.2_2/lib -L/usr/local/Cellar/gcc/6.2.0/lib/gcc/6/gcc/x86_64-apple-darwin16.0.0/6.2.0 -L/usr/local/Cellar/gcc/6.2.0/lib/gcc/6/gcc/x86_64-apple-darwin16.0.0/6.2.0/../../.. -lmpifort -lmpi -lpmpi -lgfortran -lquadmath -lm >&5
configure:4948: $? = 0
configure:5006: mpicc -o conftest -g -O2   conftest.c cfortran_test.o   -L/usr/local/Cellar/mpich/3.2_2/lib -L/usr/local/Cellar/gcc/6.2.0/lib/gcc/6/gcc/x86_64-apple-darwin16.0.0/6.2.0 -L/usr/local/Cellar/gcc/6.2.0/lib/gcc/6/gcc/x86_64-apple-darwin16.0.0/6.2.0/../../.. -lmpifort -lmpi -lpmpi -lgfortran -lquadmath -lm >&5
configure:5006: $? = 0
configure:5048: result: lower case, underscore, no extra underscore
configure:5119: CPPFLAGS= -D_REENTRANT  
configure:5126: CPPFLAGS= -D_REENTRANT   -D_REENTRANT  
configure:5134: checking for grep that handles long lines and -e
configure:5192: result: /usr/bin/grep
configure:5197: checking for egrep
configure:5259: result: /usr/bin/grep -E
configure:5264: checking for ANSI C header files
configure:5292: mpicc -c -g -O2  -D_REENTRANT   -D_REENTRANT   conftest.c >&5
configure:5292: $? = 0
configure:5365: mpicc -o conftest -g -O2  -D_REENTRANT   -D_REENTRANT    conftest.c  >&5
configure:5365: $? = 0
configure:5365: ./conftest
configure:5365: $? = 0
configure:5376: result: yes
configure:5389: checking for sys/types.h
configure:5389: mpicc -c -g -O2  -D_REENTRANT   -D_REENTRANT   conftest.c >&5
configure:5389: $? = 0
configure:5389: result: yes
configure:5389: checking for sys/stat.h
configure:5389: mpicc -c -g -O2  -D_REENTRANT   -D_REENTRANT   conftest.c >&5
configure:5389: $? = 0
configure:5389: result: yes
configure:5389: checking for stdlib.h
configure:5389: mpicc -c -g -O2  -D_REENTRANT   -D_REENTRANT   conftest.c >&5
configure:5389: $? = 0
configure:5389: result: yes
configure:5389: checking for string.h
configure:5389: mpicc -c -g -O2  -D_REENTRANT   -D_REENTRANT   conftest.c >&5
configure:5389: $? = 0
configure:5389: result: yes
configure:5389: checking for memory.h
configure:5389: mpicc -c -g -O2  -D_REENTRANT   -D_REENTRANT   conftest.c >&5
configure:5389: $? = 0
configure:5389: result: yes
configure:5389: checking for strings.h
configure:5389: mpicc -c -g -O2  -D_REENTRANT   -D_REENTRANT   conftest.c >&5
configure:5389: $? = 0
configure:5389: result: yes
configure:5389: checking for inttypes.h
configure:5389: mpicc -c -g -O2  -D_REENTRANT   -D_REENTRANT   conftest.c >&5
configure:5389: $? = 0
configure:5389: result: yes
configure:5389: checking for stdint.h
configure:5389: mpicc -c -g -O2  -D_REENTRANT   -D_REENTRANT   conftest.c >&5
configure:5389: $? = 0
configure:5389: result: yes
configure:5389: checking for unistd.h
configure:5389: mpicc -c -g -O2  -D_REENTRANT   -D_REENTRANT   conftest.c >&5
configure:5389: $? = 0
configure:5389: result: yes
configure:5403: checking pthread.h usability
configure:5403: mpicc -c -g -O2  -D_REENTRANT   -D_REENTRANT   conftest.c >&5
configure:5403: $? = 0
configure:5403: result: yes
configure:5403: checking pthread.h presence
configure:5403: mpicc -E  -D_REENTRANT   -D_REENTRANT   conftest.c
configure:5403: $? = 0
configure:5403: result: yes
configure:5403: checking for pthread.h
configure:5403: result: yes
configure:5427: checking for sched_yield
configure:5427: mpicc -o conftest -g -O2  -D_REENTRANT   -D_REENTRANT    conftest.c  >&5
configure:5427: $? = 0
configure:5427: result: yes
configure:5520: posix synchronization method not defined - using default (mutex_try)
configure:5529: checking for usable pthread_mutex_t
configure:5556: mpicc -c -g -O2  -D_REENTRANT   -D_REENTRANT   conftest.c >&5
configure:5556: $? = 0
configure:5565: result: yes
configure:5692: checking for default cache line size
configure:5804: mpicc -o conftest -g -O2  -D_REENTRANT   -D_REENTRANT    conftest.c  >&5
conftest.c:99:5: error: second parameter of 'main' (argument array) must be of type 'char **'
int main(int argc, char *argv) {
    ^
conftest.c:103:3: warning: implicitly declaring library function 'exit' with type 'void (int) __attribute__((noreturn))' [-Wimplicit-function-declaration]
                exit(1);
                ^
conftest.c:103:3: note: include the header <stdlib.h> or explicitly provide a declaration for 'exit'
1 warning and 1 error generated.
configure:5804: $? = 1
configure: program exited with status 1
configure: failed program was:
| /* confdefs.h */
| #define PACKAGE_NAME "Torc-Lite"
| #define PACKAGE_TARNAME "Torc-Lite"
| #define PACKAGE_VERSION "0.1a"
| #define PACKAGE_STRING "Torc-Lite 0.1a"
| #define PACKAGE_BUGREPORT ""
| #define PACKAGE_URL ""
| #define PACKAGE "Torc-Lite"
| #define VERSION "0.1a"
| #define F77_FUNC(name,NAME) name ## _
| #define F77_FUNC_(name,NAME) name ## _
| #define STDC_HEADERS 1
| #define HAVE_SYS_TYPES_H 1
| #define HAVE_SYS_STAT_H 1
| #define HAVE_STDLIB_H 1
| #define HAVE_STRING_H 1
| #define HAVE_MEMORY_H 1
| #define HAVE_STRINGS_H 1
| #define HAVE_INTTYPES_H 1
| #define HAVE_STDINT_H 1
| #define HAVE_UNISTD_H 1
| #define HAVE_PTHREAD_H 1
| #define HAVE_SCHED_YIELD 1
| /* end confdefs.h.  */
| 
| 
| /* Borrowed from OMPi (lib/sysdeps.h) */
| #include <stdio.h>
| 
| /*
|  * Processors
|  */
| #if defined(pentium4) || defined(__pentium4)
|   #define __cpu_x86 686
| #elif defined(i686) || defined(__i686) ||     defined(pentiumpro) || defined(__pentiumpro) ||     defined(pentium2) || defined(__pentium2) ||     defined(pentium3) || defined(__pentium3)
|   #define __cpu_x86 686
|   #define __cpu_686_class p6       /* Only used for CACHE_LINE size */
| #elif defined(i586) || defined(__i586) || defined(pentium) || defined(__pentium)
|   #define __cpu_x86 586
| #elif defined(i486) || defined(__i486)
|   #define __cpu_x86 486
| #elif defined(i386) || defined(__i386)
|   #define __cpu_x86 386
| #endif
| 
| #if defined(sparcv9) || defined(__sparcv9)
|   #define __cpu_sparc v9
| #elif defined(sparc) || defined(__sparc)
|   #define __cpu_sparc v8
| #endif
| 
| #if defined(mips) || defined(__mips)
|   #define __cpu_mips 1
| #endif
| 
| /*
|  * CACHE_LINE size (for L2 cache).
|  * A generally good value here is 128 bytes, so it is the default, to be
|  * on the safe side.
|  * However, different processors have different sizes, so below
|  * we try to match their values.
|  */
| #if defined(__cpu_x86)
|   /* Up to and including P6 cpus (Pentium Pro, Pentium II, Pentium III),
|    * the L1 & L2 line size is 32 bytes. All newer CPUs have cache lines
|    * of 64 bytes. Netbutst CPUs (Pentium 4, Pentium D, Pentium Extreme and
|    * some Xeons), in addition have a "sector" size of 128 bytes.
|    * #if __cpu_686_class == p6
|    *   #define CACHE_LINE 32
|    * #else
|    *   #define CACHE_LINE 64
|    * #endif
|    * All known Athlons have 64-byte cache lines.
|    */
|   #define CACHE_LINE 64
| #elif defined(__cpu_sparc)
|   /* UltraSparcs (v9) use L2 cache lines of 64 bytes, up to IIIi.
|    * IIIcu has line sizes 64 - 512 bytes (!) but anyways, they have
|    * the 64 bytes as "a unit of fill & coherency".
|    * IV ahs 64 - 128 bytes
|    * IV+ and T1 came back to 64-byte cache lines.
|    *
|    * So, 64 bytes should be ok.
|    */
|   #define CACHE_LINE 64
| #elif defined(__cpu_mips)
|    /* The specifications say that the R4000 has a variable size for
|     * its cache lines, between 4 and 32 words. MIPS 10000 (MIPS IV)
|     * has 16-32 words lines, and it is a 64-bit CPU, which means
|     * that it has lines of size 128-256 bytes.
|     * The following may need to be modified to 256(?).
|     */
|   #define CACHE_LINE 128
| #else
|   #define CACHE_LINE 128       /* A default value */
| #endif
| 
| 
| int main(int argc, char *argv) {
| 	FILE *fp;
| 
| 	if ((fp = fopen("conftestval", "w")) == NULL)
| 		exit(1);
| 	fprintf(fp, "%d\n", CACHE_LINE);
| 	fclose(fp);
| 
| 	/* die successfully */
| 	exit(0);
| }
| 
| #ifdef F77_DUMMY_MAIN
| 
| #  ifdef __cplusplus
|      extern "C"
| #  endif
|    int F77_DUMMY_MAIN() { return 1; }
| 
| #endif
| int
| main ()
| {
| 
|   ;
|   return 0;
| }
configure:5814: result: 128
configure:5835: using default cache line size (128 bytes) 
configure:5967: checking for MPI/C support
configure:6007: mpicc -o conftest -g -O2  -D_REENTRANT   -D_REENTRANT     -lpthread conftest.c  >&5
conftest.c:48:1: error: redefinition of 'main'
main ()
^
conftest.c:31:6: note: previous definition is here
        int main(int argc, char **argv) {
            ^
1 error generated.
configure:6007: $? = 1
configure: failed program was:
| /* confdefs.h */
| #define PACKAGE_NAME "Torc-Lite"
| #define PACKAGE_TARNAME "Torc-Lite"
| #define PACKAGE_VERSION "0.1a"
| #define PACKAGE_STRING "Torc-Lite 0.1a"
| #define PACKAGE_BUGREPORT ""
| #define PACKAGE_URL ""
| #define PACKAGE "Torc-Lite"
| #define VERSION "0.1a"
| #define F77_FUNC(name,NAME) name ## _
| #define F77_FUNC_(name,NAME) name ## _
| #define STDC_HEADERS 1
| #define HAVE_SYS_TYPES_H 1
| #define HAVE_SYS_STAT_H 1
| #define HAVE_STDLIB_H 1
| #define HAVE_STRING_H 1
| #define HAVE_MEMORY_H 1
| #define HAVE_STRINGS_H 1
| #define HAVE_INTTYPES_H 1
| #define HAVE_STDINT_H 1
| #define HAVE_UNISTD_H 1
| #define HAVE_PTHREAD_H 1
| #define HAVE_SCHED_YIELD 1
| #define CACHE_LINE_SIZE 128
| #define TORC_STATS /**/
| /* end confdefs.h.  */
| 
| 
| 	#include <stdio.h>
| 	#include <mpi.h>
| 	int main(int argc, char **argv) {
| 		printf("hello\n");
| 		MPI_Init(&argc, &argv);
| 		MPI_Finalize();
| 		return 0;
| 	}
| 
| 
| #ifdef F77_DUMMY_MAIN
| 
| #  ifdef __cplusplus
|      extern "C"
| #  endif
|    int F77_DUMMY_MAIN() { return 1; }
| 
| #endif
| int
| main ()
| {
| 
|   ;
|   return 0;
| }
| 
configure:6027: result: no
configure:6143: checking that generated files are newer than configure
configure:6149: result: done
configure:6176: creating ./config.status

## ---------------- ##
## Cache variables. ##
## ---------------- ##

ac_cv_build=x86_64-apple-darwin16.1.0
ac_cv_c_compiler_gnu=yes
ac_cv_env_CCASFLAGS_set=
ac_cv_env_CCASFLAGS_value=
ac_cv_env_CCAS_set=
ac_cv_env_CCAS_value=
ac_cv_env_CC_set=
ac_cv_env_CC_value=
ac_cv_env_CFLAGS_set=
ac_cv_env_CFLAGS_value=
ac_cv_env_CPPFLAGS_set=
ac_cv_env_CPPFLAGS_value=
ac_cv_env_CPP_set=
ac_cv_env_CPP_value=
ac_cv_env_F77_set=
ac_cv_env_F77_value=
ac_cv_env_FFLAGS_set=
ac_cv_env_FFLAGS_value=
ac_cv_env_LDFLAGS_set=
ac_cv_env_LDFLAGS_value=
ac_cv_env_LIBS_set=
ac_cv_env_LIBS_value=
ac_cv_env_build_alias_set=
ac_cv_env_build_alias_value=
ac_cv_env_host_alias_set=
ac_cv_env_host_alias_value=
ac_cv_env_target_alias_set=
ac_cv_env_target_alias_value=
ac_cv_f77_compiler_gnu=yes
ac_cv_f77_dummy_main=none
ac_cv_f77_libs=' -L/usr/local/Cellar/mpich/3.2_2/lib -L/usr/local/Cellar/gcc/6.2.0/lib/gcc/6/gcc/x86_64-apple-darwin16.0.0/6.2.0 -L/usr/local/Cellar/gcc/6.2.0/lib/gcc/6/gcc/x86_64-apple-darwin16.0.0/6.2.0/../../.. -lmpifort -lmpi -lpmpi -lgfortran -lquadmath -lm'
ac_cv_f77_mangling='lower case, underscore, no extra underscore'
ac_cv_fortran_dummy_main=none
ac_cv_func_sched_yield=yes
ac_cv_header_inttypes_h=yes
ac_cv_header_memory_h=yes
ac_cv_header_pthread_h=yes
ac_cv_header_stdc=yes
ac_cv_header_stdint_h=yes
ac_cv_header_stdlib_h=yes
ac_cv_header_string_h=yes
ac_cv_header_strings_h=yes
ac_cv_header_sys_stat_h=yes
ac_cv_header_sys_types_h=yes
ac_cv_header_unistd_h=yes
ac_cv_host=x86_64-apple-darwin16.1.0
ac_cv_objext=o
ac_cv_path_EGREP='/usr/bin/grep -E'
ac_cv_path_GREP=/usr/bin/grep
ac_cv_path_install='/usr/bin/install -c'
ac_cv_prog_AWK=awk
ac_cv_prog_CPP='mpicc -E'
ac_cv_prog_ac_ct_CC=mpicc
ac_cv_prog_ac_ct_F77=mpif90
ac_cv_prog_ac_ct_RANLIB=ranlib
ac_cv_prog_cc_c89=
ac_cv_prog_cc_g=yes
ac_cv_prog_f77_g=yes
ac_cv_prog_f77_v=-v
ac_cv_prog_make_make_set=yes
ac_cv_target=x86_64-apple-darwin16.1.0
am_cv_CCAS_dependencies_compiler_type=gcc3
am_cv_CC_dependencies_compiler_type=gcc3
am_cv_make_support_nested_variables=yes
am_cv_prog_cc_c_o=yes

## ----------------- ##
## Output variables. ##
## ----------------- ##

ACLOCAL='${SHELL} /Users/phadjido/pi4u_git/torc_lite/auxdir/missing aclocal-1.15'
AMDEPBACKSLASH='\'
AMDEP_FALSE='#'
AMDEP_TRUE=''
AMTAR='$${TAR-tar}'
AM_BACKSLASH='\'
AM_DEFAULT_V='$(AM_DEFAULT_VERBOSITY)'
AM_DEFAULT_VERBOSITY='1'
AM_V='$(V)'
AUTOCONF='${SHELL} /Users/phadjido/pi4u_git/torc_lite/auxdir/missing autoconf'
AUTOHEADER='${SHELL} /Users/phadjido/pi4u_git/torc_lite/auxdir/missing autoheader'
AUTOMAKE='${SHELL} /Users/phadjido/pi4u_git/torc_lite/auxdir/missing automake-1.15'
AWK='awk'
CC='mpicc'
CCAS='mpicc'
CCASDEPMODE='depmode=gcc3'
CCASFLAGS='-g -O2'
CCDEPMODE='depmode=gcc3'
CFLAGS='-g -O2'
CPP='mpicc -E'
CPPFLAGS=' -D_REENTRANT   -D_REENTRANT  '
CYGPATH_W='echo'
DEBUG_FLAG=''
DEFS='-DHAVE_CONFIG_H'
DEPDIR='.deps'
ECHO_C='\c'
ECHO_N=''
ECHO_T=''
EGREP='/usr/bin/grep -E'
EXEEXT=''
F77='mpif90'
FFLAGS='-g -O2'
FLIBS=' -L/usr/local/Cellar/mpich/3.2_2/lib -L/usr/local/Cellar/gcc/6.2.0/lib/gcc/6/gcc/x86_64-apple-darwin16.0.0/6.2.0 -L/usr/local/Cellar/gcc/6.2.0/lib/gcc/6/gcc/x86_64-apple-darwin16.0.0/6.2.0/../../.. -lmpifort -lmpi -lpmpi -lgfortran -lquadmath -lm'
GREP='/usr/bin/grep'
INSTALL_DATA='${INSTALL} -m 644'
INSTALL_PROGRAM='${INSTALL}'
INSTALL_SCRIPT='${INSTALL}'
INSTALL_STRIP_PROGRAM='$(install_sh) -c -s'
LDFLAGS='  -lpthread'
LIBOBJS=''
LIBS=''
LTLIBOBJS=''
MAKEINFO='${SHELL} /Users/phadjido/pi4u_git/torc_lite/auxdir/missing makeinfo'
MKDIR_P='auxdir/install-sh -c -d'
MPICC=''
MPILIB=''
NNODES='64'
NVPS='64'
OBJEXT='o'
PACKAGE='Torc-Lite'
PACKAGE_BUGREPORT=''
PACKAGE_NAME='Torc-Lite'
PACKAGE_STRING='Torc-Lite 0.1a'
PACKAGE_TARNAME='Torc-Lite'
PACKAGE_URL=''
PACKAGE_VERSION='0.1a'
PATH_SEPARATOR=':'
RANLIB='ranlib'
SET_MAKE=''
SHELL='/bin/sh'
STRIP=''
VERSION='0.1a'
ac_ct_CC='mpicc'
ac_ct_F77='mpif90'
am__EXEEXT_FALSE=''
am__EXEEXT_TRUE='#'
am__fastdepCCAS_FALSE='#'
am__fastdepCCAS_TRUE=''
am__fastdepCC_FALSE='#'
am__fastdepCC_TRUE=''
am__include='include'
am__isrc=''
am__leading_dot='.'
am__nodep='_no'
am__quote=''
am__tar='$${TAR-tar} chof - "$$tardir"'
am__untar='$${TAR-tar} xf -'
bindir='${exec_prefix}/bin'
build='x86_64-apple-darwin16.1.0'
build_alias=''
build_cpu='x86_64'
build_os='darwin16.1.0'
build_vendor='apple'
datadir='${datarootdir}'
datarootdir='${prefix}/share'
docdir='${datarootdir}/doc/${PACKAGE_TARNAME}'
dvidir='${docdir}'
exec_prefix='${prefix}'
host='x86_64-apple-darwin16.1.0'
host_alias=''
host_cpu='x86_64'
host_os='darwin16.1.0'
host_vendor='apple'
htmldir='${docdir}'
includedir='${prefix}/include'
infodir='${datarootdir}/info'
install_sh='${SHELL} /Users/phadjido/pi4u_git/torc_lite/auxdir/install-sh'
libdir='${exec_prefix}/lib'
libexecdir='${exec_prefix}/libexec'
localedir='${datarootdir}/locale'
localstatedir='${prefix}/var'
mandir='${datarootdir}/man'
mkdir_p='$(MKDIR_P)'
oldincludedir='/usr/include'
pdfdir='${docdir}'
prefix='/Users/phadjido/usr/torc'
program_transform_name='s,x,x,'
psdir='${docdir}'
sbindir='${exec_prefix}/sbin'
sharedstatedir='${prefix}/com'
sysconfdir='${prefix}/etc'
target='x86_64-apple-darwin16.1.0'
target_alias=''
target_cpu='x86_64'
target_os='darwin16.1.0'
target_vendor='apple'

## ----------- ##
## confdefs.h. ##
## ----------- ##

/* confdefs.h */
#define PACKAGE_NAME "Torc-Lite"
#define PACKAGE_TARNAME "Torc-Lite"
#define PACKAGE_VERSION "0.1a"
#define PACKAGE_STRING "Torc-Lite 0.1a"
#define PACKAGE_BUGREPORT ""
#define PACKAGE_URL ""
#define PACKAGE "Torc-Lite"
#define VERSION "0.1a"
#define F77_FUNC(name,NAME) name ## _
#define F77_FUNC_(name,NAME) name ## _
#define STDC_HEADERS 1
#define HAVE_SYS_TYPES_H 1
#define HAVE_SYS_STAT_H 1
#define HAVE_STDLIB_H 1
#define HAVE_STRING_H 1
#define HAVE_MEMORY_H 1
#define HAVE_STRINGS_H 1
#define HAVE_INTTYPES_H 1
#define HAVE_STDINT_H 1
#define HAVE_UNISTD_H 1
#define HAVE_PTHREAD_H 1
#define HAVE_SCHED_YIELD 1
#define CACHE_LINE_SIZE 128
#define TORC_STATS /**/

configure: exit 0

## ---------------------- ##
## Running config.status. ##
## ---------------------- ##

This file was extended by Torc-Lite config.status 0.1a, which was
generated by GNU Autoconf 2.69.  Invocation command line was

  CONFIG_FILES    = 
  CONFIG_HEADERS  = 
  CONFIG_LINKS    = 
  CONFIG_COMMANDS = 
  $ ./config.status 

on Panagiotiss-MacBook-Pro-2.local

config.status:891: creating Makefile
config.status:891: creating src/Makefile
config.status:891: creating scripts/Makefile
config.status:891: creating demo/Makefile
config.status:891: creating include/torc_config.h
config.status:1072: include/torc_config.h is unchanged
config.status:1120: executing depfiles commands
