This file contains any messages produced by compilers while
running configure, to aid debugging if configure makes a mistake.

It was created by pndl configure 1.0.0, which was
generated by GNU Autoconf 2.69.  Invocation command line was

  $ ./configure CC=mpicc F77=mpif90

## --------- ##
## Platform. ##
## --------- ##

hostname = localhost.localdomain
uname -m = x86_64
uname -r = 3.14.17-100.fc19.x86_64
uname -s = Linux
uname -v = #1 SMP Thu Aug 14 17:17:26 UTC 2014

/usr/bin/uname -p = x86_64
/bin/uname -X     = unknown

/bin/arch              = x86_64
/usr/bin/arch -k       = unknown
/usr/convex/getsysinfo = unknown
/usr/bin/hostinfo      = unknown
/bin/machine           = unknown
/usr/bin/oslevel       = unknown
/bin/universe          = unknown

PATH: /usr/local/bin
PATH: /usr/bin
PATH: /usr/local/sbin
PATH: /usr/sbin
PATH: /home/chatzidp/.local/bin
PATH: /home/chatzidp/bin
PATH: /home/chatzidp/usr/gnuplot/bin
PATH: /home/chatzidp/usr/bin
PATH: /home/chatzidp/usr/mpich/bin
PATH: /home/chatzidp/usr/torc/bin
PATH: /home/chatzidp/usr/ompi/bin
PATH: /home/chatzidp/usr/psthread/bin


## ----------- ##
## Core tests. ##
## ----------- ##

configure:2042: checking build system type
configure:2056: result: x86_64-unknown-linux-gnu
configure:2076: checking host system type
configure:2089: result: x86_64-unknown-linux-gnu
configure:2109: checking target system type
configure:2122: result: x86_64-unknown-linux-gnu
configure:2165: checking for a BSD-compatible install
configure:2233: result: /usr/bin/install -c
configure:2244: checking whether build environment is sane
configure:2299: result: yes
configure:2450: checking for a thread-safe mkdir -p
configure:2489: result: /usr/bin/mkdir -p
configure:2496: checking for gawk
configure:2512: found /usr/bin/gawk
configure:2523: result: gawk
configure:2534: checking whether make sets $(MAKE)
configure:2556: result: yes
configure:2585: checking whether make supports nested variables
configure:2602: result: yes
configure:2812: checking for C compiler version
configure:2821: mpicc --version >&5
gcc (GCC) 4.8.3 20140624 (Red Hat 4.8.3-1)
Copyright (C) 2013 Free Software Foundation, Inc.
This is free software; see the source for copying conditions.  There is NO
warranty; not even for MERCHANTABILITY or FITNESS FOR A PARTICULAR PURPOSE.

configure:2832: $? = 0
configure:2821: mpicc -v >&5
mpicc for MPICH version 3.1
Using built-in specs.
COLLECT_GCC=gcc
COLLECT_LTO_WRAPPER=/usr/libexec/gcc/x86_64-redhat-linux/4.8.3/lto-wrapper
Target: x86_64-redhat-linux
Configured with: ../configure --prefix=/usr --mandir=/usr/share/man --infodir=/usr/share/info --with-bugurl=http://bugzilla.redhat.com/bugzilla --enable-bootstrap --enable-shared --enable-threads=posix --enable-checking=release --with-system-zlib --enable-__cxa_atexit --disable-libunwind-exceptions --enable-gnu-unique-object --enable-linker-build-id --with-linker-hash-style=gnu --enable-languages=c,c++,objc,obj-c++,java,fortran,ada,go,lto --enable-plugin --enable-initfini-array --enable-java-awt=gtk --disable-dssi --with-java-home=/usr/lib/jvm/java-1.5.0-gcj-1.5.0.0/jre --enable-libgcj-multifile --enable-java-maintainer-mode --with-ecj-jar=/usr/share/java/eclipse-ecj.jar --disable-libjava-multilib --with-isl=/builddir/build/BUILD/gcc-4.8.3-20140624/obj-x86_64-redhat-linux/isl-install --with-cloog=/builddir/build/BUILD/gcc-4.8.3-20140624/obj-x86_64-redhat-linux/cloog-install --with-tune=generic --with-arch_32=i686 --build=x86_64-redhat-linux
Thread model: posix
gcc version 4.8.3 20140624 (Red Hat 4.8.3-1) (GCC) 
configure:2832: $? = 0
configure:2821: mpicc -V >&5
gcc: error: unrecognized command line option '-V'
configure:2832: $? = 1
configure:2821: mpicc -qversion >&5
gcc: error: unrecognized command line option '-qversion'
configure:2832: $? = 1
configure:2852: checking whether the C compiler works
configure:2874: mpicc    conftest.c  >&5
configure:2878: $? = 0
configure:2926: result: yes
configure:2929: checking for C compiler default output file name
configure:2931: result: a.out
configure:2937: checking for suffix of executables
configure:2944: mpicc -o conftest    conftest.c  >&5
configure:2948: $? = 0
configure:2970: result: 
configure:2992: checking whether we are cross compiling
configure:3000: mpicc -o conftest    conftest.c  >&5
configure:3004: $? = 0
configure:3011: ./conftest
configure:3015: $? = 0
configure:3030: result: no
configure:3035: checking for suffix of object files
configure:3057: mpicc -c   conftest.c >&5
configure:3061: $? = 0
configure:3082: result: o
configure:3086: checking whether we are using the GNU C compiler
configure:3105: mpicc -c   conftest.c >&5
configure:3105: $? = 0
configure:3114: result: yes
configure:3123: checking whether mpicc accepts -g
configure:3143: mpicc -c -g  conftest.c >&5
configure:3143: $? = 0
configure:3184: result: yes
configure:3201: checking for mpicc option to accept ISO C89
configure:3264: mpicc  -c -g -O2  conftest.c >&5
configure:3264: $? = 0
configure:3277: result: none needed
configure:3308: checking for style of include used by make
configure:3336: result: GNU
configure:3362: checking dependency style of mpicc
configure:3473: result: gcc3
configure:3594: checking for Fortran 77 compiler version
configure:3603: mpif90 --version >&5
GNU Fortran (GCC) 4.8.3 20140624 (Red Hat 4.8.3-1)
Copyright (C) 2013 Free Software Foundation, Inc.

GNU Fortran comes with NO WARRANTY, to the extent permitted by law.
You may redistribute copies of GNU Fortran
under the terms of the GNU General Public License.
For more information about these matters, see the file named COPYING

configure:3614: $? = 0
configure:3603: mpif90 -v >&5
mpif90 for MPICH version 3.1
Using built-in specs.
COLLECT_GCC=gfortran
COLLECT_LTO_WRAPPER=/usr/libexec/gcc/x86_64-redhat-linux/4.8.3/lto-wrapper
Target: x86_64-redhat-linux
Configured with: ../configure --prefix=/usr --mandir=/usr/share/man --infodir=/usr/share/info --with-bugurl=http://bugzilla.redhat.com/bugzilla --enable-bootstrap --enable-shared --enable-threads=posix --enable-checking=release --with-system-zlib --enable-__cxa_atexit --disable-libunwind-exceptions --enable-gnu-unique-object --enable-linker-build-id --with-linker-hash-style=gnu --enable-languages=c,c++,objc,obj-c++,java,fortran,ada,go,lto --enable-plugin --enable-initfini-array --enable-java-awt=gtk --disable-dssi --with-java-home=/usr/lib/jvm/java-1.5.0-gcj-1.5.0.0/jre --enable-libgcj-multifile --enable-java-maintainer-mode --with-ecj-jar=/usr/share/java/eclipse-ecj.jar --disable-libjava-multilib --with-isl=/builddir/build/BUILD/gcc-4.8.3-20140624/obj-x86_64-redhat-linux/isl-install --with-cloog=/builddir/build/BUILD/gcc-4.8.3-20140624/obj-x86_64-redhat-linux/cloog-install --with-tune=generic --with-arch_32=i686 --build=x86_64-redhat-linux
Thread model: posix
gcc version 4.8.3 20140624 (Red Hat 4.8.3-1) (GCC) 
configure:3614: $? = 0
configure:3603: mpif90 -V >&5
gfortran: error: unrecognized command line option '-V'
configure:3614: $? = 1
configure:3603: mpif90 -qversion >&5
gfortran: error: unrecognized command line option '-qversion'
configure:3614: $? = 1
configure:3623: checking whether we are using the GNU Fortran 77 compiler
configure:3636: mpif90 -c  conftest.F >&5
configure:3636: $? = 0
configure:3645: result: yes
configure:3651: checking whether mpif90 accepts -g
configure:3662: mpif90 -c -g conftest.f >&5
configure:3662: $? = 0
configure:3670: result: yes
configure:3699: checking for a sed that does not truncate output
configure:3763: result: /usr/bin/sed
configure:3779: checking how to run the C preprocessor
configure:3810: mpicc -E  conftest.c
configure:3810: $? = 0
configure:3824: mpicc -E  conftest.c
conftest.c:11:28: fatal error: ac_nonexistent.h: No such file or directory
 #include <ac_nonexistent.h>
                            ^
compilation terminated.
configure:3824: $? = 1
configure: failed program was:
| /* confdefs.h */
| #define PACKAGE_NAME "pndl"
| #define PACKAGE_TARNAME "pndl"
| #define PACKAGE_VERSION "1.0.0"
| #define PACKAGE_STRING "pndl 1.0.0"
| #define PACKAGE_BUGREPORT ""
| #define PACKAGE_URL ""
| #define PACKAGE "pndl"
| #define VERSION "1.0.0"
| /* end confdefs.h.  */
| #include <ac_nonexistent.h>
configure:3849: result: mpicc -E
configure:3869: mpicc -E  conftest.c
configure:3869: $? = 0
configure:3883: mpicc -E  conftest.c
conftest.c:11:28: fatal error: ac_nonexistent.h: No such file or directory
 #include <ac_nonexistent.h>
                            ^
compilation terminated.
configure:3883: $? = 1
configure: failed program was:
| /* confdefs.h */
| #define PACKAGE_NAME "pndl"
| #define PACKAGE_TARNAME "pndl"
| #define PACKAGE_VERSION "1.0.0"
| #define PACKAGE_STRING "pndl 1.0.0"
| #define PACKAGE_BUGREPORT ""
| #define PACKAGE_URL ""
| #define PACKAGE "pndl"
| #define VERSION "1.0.0"
| /* end confdefs.h.  */
| #include <ac_nonexistent.h>
configure:3917: checking how to get verbose linking output from mpif90
configure:3927: mpif90 -c -g -O2 conftest.f >&5
configure:3927: $? = 0
configure:3945: mpif90 -o conftest -g -O2 -v conftest.f
mpif90 for MPICH version 3.1
Using built-in specs.
Target: x86_64-redhat-linux
Thread model: posix
gcc version 4.8.3 20140624 (Red Hat 4.8.3-1) (GCC) 
 /usr/libexec/gcc/x86_64-redhat-linux/4.8.3/f951 conftest.f -ffixed-form -I /home/chatzidp/usr/mpich3.1/include -I /home/chatzidp/usr/mpich3.1/include -quiet -dumpbase conftest.f -mtune=generic -march=x86-64 -auxbase conftest -g -O2 -version -fintrinsic-modules-path /usr/lib/gcc/x86_64-redhat-linux/4.8.3/finclude -o /tmp/ccz1amjw.s
GNU Fortran (GCC) version 4.8.3 20140624 (Red Hat 4.8.3-1) (x86_64-redhat-linux)
	compiled by GNU C version 4.8.3 20140624 (Red Hat 4.8.3-1), GMP version 5.1.1, MPFR version 3.1.1, MPC version 1.0.1
GGC heuristics: --param ggc-min-expand=100 --param ggc-min-heapsize=131072
GNU Fortran (GCC) version 4.8.3 20140624 (Red Hat 4.8.3-1) (x86_64-redhat-linux)
	compiled by GNU C version 4.8.3 20140624 (Red Hat 4.8.3-1), GMP version 5.1.1, MPFR version 3.1.1, MPC version 1.0.1
GGC heuristics: --param ggc-min-expand=100 --param ggc-min-heapsize=131072
 as -v -I /home/chatzidp/usr/mpich3.1/include -I /home/chatzidp/usr/mpich3.1/include --64 -o /tmp/ccVWRB4R.o /tmp/ccz1amjw.s
GNU assembler version 2.23.52.0.1 (x86_64-redhat-linux) using BFD version version 2.23.52.0.1-9.fc19 20130226
Reading specs from /usr/lib/gcc/x86_64-redhat-linux/4.8.3/libgfortran.spec
rename spec lib to liborig
 /usr/libexec/gcc/x86_64-redhat-linux/4.8.3/collect2 --build-id --no-add-needed --eh-frame-hdr --hash-style=gnu -m elf_x86_64 -dynamic-linker /lib64/ld-linux-x86-64.so.2 -o conftest /usr/lib/gcc/x86_64-redhat-linux/4.8.3/../../../../lib64/crt1.o /usr/lib/gcc/x86_64-redhat-linux/4.8.3/../../../../lib64/crti.o /usr/lib/gcc/x86_64-redhat-linux/4.8.3/crtbegin.o -L/home/chatzidp/usr/mpich3.1/lib -L/usr/lib/gcc/x86_64-redhat-linux/4.8.3 -L/usr/lib/gcc/x86_64-redhat-linux/4.8.3/../../../../lib64 -L/lib/../lib64 -L/usr/lib/../lib64 -L/usr/lib/gcc/x86_64-redhat-linux/4.8.3/../../.. /tmp/ccVWRB4R.o -lmpichf90 -rpath /home/chatzidp/usr/mpich3.1/lib -lmpich -lopa -lmpl -lrt -lpthread -lgfortran -lm -lgcc_s -lgcc -lquadmath -lm -lgcc_s -lgcc -lc -lgcc_s -lgcc /usr/lib/gcc/x86_64-redhat-linux/4.8.3/crtend.o /usr/lib/gcc/x86_64-redhat-linux/4.8.3/../../../../lib64/crtn.o
configure:4028: result: -v
configure:4030: checking for Fortran 77 libraries of mpif90
configure:4053: mpif90 -o conftest -g -O2 -v conftest.f
mpif90 for MPICH version 3.1
Using built-in specs.
Target: x86_64-redhat-linux
Thread model: posix
gcc version 4.8.3 20140624 (Red Hat 4.8.3-1) (GCC) 
 /usr/libexec/gcc/x86_64-redhat-linux/4.8.3/f951 conftest.f -ffixed-form -I /home/chatzidp/usr/mpich3.1/include -I /home/chatzidp/usr/mpich3.1/include -quiet -dumpbase conftest.f -mtune=generic -march=x86-64 -auxbase conftest -g -O2 -version -fintrinsic-modules-path /usr/lib/gcc/x86_64-redhat-linux/4.8.3/finclude -o /tmp/ccwdYdpE.s
GNU Fortran (GCC) version 4.8.3 20140624 (Red Hat 4.8.3-1) (x86_64-redhat-linux)
	compiled by GNU C version 4.8.3 20140624 (Red Hat 4.8.3-1), GMP version 5.1.1, MPFR version 3.1.1, MPC version 1.0.1
GGC heuristics: --param ggc-min-expand=100 --param ggc-min-heapsize=131072
GNU Fortran (GCC) version 4.8.3 20140624 (Red Hat 4.8.3-1) (x86_64-redhat-linux)
	compiled by GNU C version 4.8.3 20140624 (Red Hat 4.8.3-1), GMP version 5.1.1, MPFR version 3.1.1, MPC version 1.0.1
GGC heuristics: --param ggc-min-expand=100 --param ggc-min-heapsize=131072
 as -v -I /home/chatzidp/usr/mpich3.1/include -I /home/chatzidp/usr/mpich3.1/include --64 -o /tmp/ccszkLz0.o /tmp/ccwdYdpE.s
GNU assembler version 2.23.52.0.1 (x86_64-redhat-linux) using BFD version version 2.23.52.0.1-9.fc19 20130226
Reading specs from /usr/lib/gcc/x86_64-redhat-linux/4.8.3/libgfortran.spec
rename spec lib to liborig
 /usr/libexec/gcc/x86_64-redhat-linux/4.8.3/collect2 --build-id --no-add-needed --eh-frame-hdr --hash-style=gnu -m elf_x86_64 -dynamic-linker /lib64/ld-linux-x86-64.so.2 -o conftest /usr/lib/gcc/x86_64-redhat-linux/4.8.3/../../../../lib64/crt1.o /usr/lib/gcc/x86_64-redhat-linux/4.8.3/../../../../lib64/crti.o /usr/lib/gcc/x86_64-redhat-linux/4.8.3/crtbegin.o -L/home/chatzidp/usr/mpich3.1/lib -L/usr/lib/gcc/x86_64-redhat-linux/4.8.3 -L/usr/lib/gcc/x86_64-redhat-linux/4.8.3/../../../../lib64 -L/lib/../lib64 -L/usr/lib/../lib64 -L/usr/lib/gcc/x86_64-redhat-linux/4.8.3/../../.. /tmp/ccszkLz0.o -lmpichf90 -rpath /home/chatzidp/usr/mpich3.1/lib -lmpich -lopa -lmpl -lrt -lpthread -lgfortran -lm -lgcc_s -lgcc -lquadmath -lm -lgcc_s -lgcc -lc -lgcc_s -lgcc /usr/lib/gcc/x86_64-redhat-linux/4.8.3/crtend.o /usr/lib/gcc/x86_64-redhat-linux/4.8.3/../../../../lib64/crtn.o
configure:4249: result:  -L/home/chatzidp/usr/mpich3.1/lib -L/usr/lib/gcc/x86_64-redhat-linux/4.8.3 -L/usr/lib/gcc/x86_64-redhat-linux/4.8.3/../../../../lib64 -L/lib/../lib64 -L/usr/lib/../lib64 -L/usr/lib/gcc/x86_64-redhat-linux/4.8.3/../../.. -lmpichf90 -lmpich -lopa -lmpl -lrt -lpthread -lgfortran -lm -lquadmath
configure:4266: checking for dummy main to link with Fortran 77 libraries
configure:4300: mpicc -o conftest -g -O2   conftest.c   -L/home/chatzidp/usr/mpich3.1/lib -L/usr/lib/gcc/x86_64-redhat-linux/4.8.3 -L/usr/lib/gcc/x86_64-redhat-linux/4.8.3/../../../../lib64 -L/lib/../lib64 -L/usr/lib/../lib64 -L/usr/lib/gcc/x86_64-redhat-linux/4.8.3/../../.. -lmpichf90 -lmpich -lopa -lmpl -lrt -lpthread -lgfortran -lm -lquadmath >&5
configure:4300: $? = 0
configure:4345: result: none
configure:4378: checking for Fortran 77 name-mangling scheme
configure:4391: mpif90 -c -g -O2 conftest.f >&5
configure:4391: $? = 0
configure:4432: mpicc -o conftest -g -O2   conftest.c cfortran_test.o   -L/home/chatzidp/usr/mpich3.1/lib -L/usr/lib/gcc/x86_64-redhat-linux/4.8.3 -L/usr/lib/gcc/x86_64-redhat-linux/4.8.3/../../../../lib64 -L/lib/../lib64 -L/usr/lib/../lib64 -L/usr/lib/gcc/x86_64-redhat-linux/4.8.3/../../.. -lmpichf90 -lmpich -lopa -lmpl -lrt -lpthread -lgfortran -lm -lquadmath >&5
/tmp/ccZdO3wp.o: In function `main':
/home/chatzidp/pi4u_0.1/pndl/conftest.c:30: undefined reference to `foobar'
collect2: error: ld returned 1 exit status
configure:4432: $? = 1
configure: failed program was:
| /* confdefs.h */
| #define PACKAGE_NAME "pndl"
| #define PACKAGE_TARNAME "pndl"
| #define PACKAGE_VERSION "1.0.0"
| #define PACKAGE_STRING "pndl 1.0.0"
| #define PACKAGE_BUGREPORT ""
| #define PACKAGE_URL ""
| #define PACKAGE "pndl"
| #define VERSION "1.0.0"
| /* end confdefs.h.  */
| 
| /* Override any GCC internal prototype to avoid an error.
|    Use char because int might match the return type of a GCC
|    builtin and then its argument prototype would still apply.  */
| #ifdef __cplusplus
| extern "C"
| #endif
| char foobar ();
| #ifdef F77_DUMMY_MAIN
| 
| #  ifdef __cplusplus
|      extern "C"
| #  endif
|    int F77_DUMMY_MAIN() { return 1; }
| 
| #endif
| int
| main ()
| {
| return foobar ();
|   ;
|   return 0;
| }
configure:4432: mpicc -o conftest -g -O2   conftest.c cfortran_test.o   -L/home/chatzidp/usr/mpich3.1/lib -L/usr/lib/gcc/x86_64-redhat-linux/4.8.3 -L/usr/lib/gcc/x86_64-redhat-linux/4.8.3/../../../../lib64 -L/lib/../lib64 -L/usr/lib/../lib64 -L/usr/lib/gcc/x86_64-redhat-linux/4.8.3/../../.. -lmpichf90 -lmpich -lopa -lmpl -lrt -lpthread -lgfortran -lm -lquadmath >&5
configure:4432: $? = 0
configure:4490: mpicc -o conftest -g -O2   conftest.c cfortran_test.o   -L/home/chatzidp/usr/mpich3.1/lib -L/usr/lib/gcc/x86_64-redhat-linux/4.8.3 -L/usr/lib/gcc/x86_64-redhat-linux/4.8.3/../../../../lib64 -L/lib/../lib64 -L/usr/lib/../lib64 -L/usr/lib/gcc/x86_64-redhat-linux/4.8.3/../../.. -lmpichf90 -lmpich -lopa -lmpl -lrt -lpthread -lgfortran -lm -lquadmath >&5
configure:4490: $? = 0
configure:4532: result: lower case, underscore, no extra underscore
configure:4598: checking whether make sets $(MAKE)
configure:4620: result: yes
configure:4672: checking for ranlib
configure:4688: found /usr/bin/ranlib
configure:4699: result: ranlib
configure:4730: checking dependency style of mpicc
configure:4839: result: gcc3
configure:4948: checking for MPI/Fortran77 support
configure:4967: mpif90 -o conftest -g -O0   -lpthread conftest.f  >&5
configure:4967: $? = 0
configure:4984: result: yes
configure:5107: checking that generated files are newer than configure
configure:5113: result: done
configure:5140: creating ./config.status

## ---------------------- ##
## Running config.status. ##
## ---------------------- ##

This file was extended by pndl config.status 1.0.0, which was
generated by GNU Autoconf 2.69.  Invocation command line was

  CONFIG_FILES    = 
  CONFIG_HEADERS  = 
  CONFIG_LINKS    = 
  CONFIG_COMMANDS = 
  $ ./config.status 

on localhost.localdomain

config.status:875: creating Makefile
config.status:875: creating src/Makefile
config.status:875: creating test/Makefile
config.status:875: creating src/pndl_config.h
config.status:1056: src/pndl_config.h is unchanged
config.status:1104: executing depfiles commands

## ---------------- ##
## Cache variables. ##
## ---------------- ##

ac_cv_build=x86_64-unknown-linux-gnu
ac_cv_c_compiler_gnu=yes
ac_cv_env_CCASFLAGS_set=
ac_cv_env_CCASFLAGS_value=
ac_cv_env_CCAS_set=
ac_cv_env_CCAS_value=
ac_cv_env_CC_set=set
ac_cv_env_CC_value=mpicc
ac_cv_env_CFLAGS_set=
ac_cv_env_CFLAGS_value=
ac_cv_env_CPPFLAGS_set=
ac_cv_env_CPPFLAGS_value=
ac_cv_env_CPP_set=
ac_cv_env_CPP_value=
ac_cv_env_F77_set=set
ac_cv_env_F77_value=mpif90
ac_cv_env_FFLAGS_set=
ac_cv_env_FFLAGS_value=
ac_cv_env_LDFLAGS_set=
ac_cv_env_LDFLAGS_value=
ac_cv_env_LIBS_set=
ac_cv_env_LIBS_value=
ac_cv_env_build_alias_set=
ac_cv_env_build_alias_value=
ac_cv_env_host_alias_set=
ac_cv_env_host_alias_value=
ac_cv_env_target_alias_set=
ac_cv_env_target_alias_value=
ac_cv_f77_compiler_gnu=yes
ac_cv_f77_dummy_main=none
ac_cv_f77_libs=' -L/home/chatzidp/usr/mpich3.1/lib -L/usr/lib/gcc/x86_64-redhat-linux/4.8.3 -L/usr/lib/gcc/x86_64-redhat-linux/4.8.3/../../../../lib64 -L/lib/../lib64 -L/usr/lib/../lib64 -L/usr/lib/gcc/x86_64-redhat-linux/4.8.3/../../.. -lmpichf90 -lmpich -lopa -lmpl -lrt -lpthread -lgfortran -lm -lquadmath'
ac_cv_f77_mangling='lower case, underscore, no extra underscore'
ac_cv_fortran_dummy_main=none
ac_cv_host=x86_64-unknown-linux-gnu
ac_cv_objext=o
ac_cv_path_SED=/usr/bin/sed
ac_cv_path_install='/usr/bin/install -c'
ac_cv_path_mkdir=/usr/bin/mkdir
ac_cv_prog_AWK=gawk
ac_cv_prog_CPP='mpicc -E'
ac_cv_prog_ac_ct_RANLIB=ranlib
ac_cv_prog_cc_c89=
ac_cv_prog_cc_g=yes
ac_cv_prog_f77_g=yes
ac_cv_prog_f77_v=-v
ac_cv_prog_make_make_set=yes
ac_cv_target=x86_64-unknown-linux-gnu
am_cv_CCAS_dependencies_compiler_type=gcc3
am_cv_CC_dependencies_compiler_type=gcc3
am_cv_make_support_nested_variables=yes

## ----------------- ##
## Output variables. ##
## ----------------- ##

ACLOCAL='${SHELL} /home/chatzidp/pi4u_0.1/pndl/auxdir/missing aclocal-1.13'
AMDEPBACKSLASH='\'
AMDEP_FALSE='#'
AMDEP_TRUE=''
AMTAR='$${TAR-tar}'
AM_BACKSLASH='\'
AM_DEFAULT_V='$(AM_DEFAULT_VERBOSITY)'
AM_DEFAULT_VERBOSITY='1'
AM_V='$(V)'
AUTOCONF='${SHELL} /home/chatzidp/pi4u_0.1/pndl/auxdir/missing autoconf'
AUTOHEADER='${SHELL} /home/chatzidp/pi4u_0.1/pndl/auxdir/missing autoheader'
AUTOMAKE='${SHELL} /home/chatzidp/pi4u_0.1/pndl/auxdir/missing automake-1.13'
AWK='gawk'
CC='mpicc'
CCAS='mpicc'
CCASDEPMODE='depmode=gcc3'
CCASFLAGS='-g -O2'
CCDEPMODE='depmode=gcc3'
CFLAGS='-g -O0'
CPP='mpicc -E'
CPPFLAGS=''
CYGPATH_W='echo'
DEBUG_FLAG=''
DEFS='-DHAVE_CONFIG_H'
DEPDIR='.deps'
ECHO_C=''
ECHO_N='-n'
ECHO_T=''
EXEEXT=''
F77='mpif90'
FFLAGS='-g -O0'
FLIBS=' -L/home/chatzidp/usr/mpich3.1/lib -L/usr/lib/gcc/x86_64-redhat-linux/4.8.3 -L/usr/lib/gcc/x86_64-redhat-linux/4.8.3/../../../../lib64 -L/lib/../lib64 -L/usr/lib/../lib64 -L/usr/lib/gcc/x86_64-redhat-linux/4.8.3/../../.. -lmpichf90 -lmpich -lopa -lmpl -lrt -lpthread -lgfortran -lm -lquadmath'
G77OPT=''
INSTALL_DATA='${INSTALL} -m 644'
INSTALL_PROGRAM='${INSTALL}'
INSTALL_SCRIPT='${INSTALL}'
INSTALL_STRIP_PROGRAM='$(install_sh) -c -s'
LDFLAGS='  -lpthread'
LIBOBJS=''
LIBS=''
LTLIBOBJS=''
MAKEINFO='${SHELL} /home/chatzidp/pi4u_0.1/pndl/auxdir/missing makeinfo'
MKDIR_P='/usr/bin/mkdir -p'
MPICC=''
MPIF77=''
MPILIB=''
OBJEXT='o'
PACKAGE='pndl'
PACKAGE_BUGREPORT=''
PACKAGE_NAME='pndl'
PACKAGE_STRING='pndl 1.0.0'
PACKAGE_TARNAME='pndl'
PACKAGE_URL=''
PACKAGE_VERSION='1.0.0'
PATH_SEPARATOR=':'
RANLIB='ranlib'
SED='/usr/bin/sed'
SET_MAKE=''
SHELL='/bin/sh'
STRIP=''
VERSION='1.0.0'
ac_ct_CC=''
ac_ct_F77=''
am__EXEEXT_FALSE=''
am__EXEEXT_TRUE='#'
am__fastdepCCAS_FALSE='#'
am__fastdepCCAS_TRUE=''
am__fastdepCC_FALSE='#'
am__fastdepCC_TRUE=''
am__include='include'
am__isrc=''
am__leading_dot='.'
am__nodep='_no'
am__quote=''
am__tar='$${TAR-tar} chof - "$$tardir"'
am__untar='$${TAR-tar} xf -'
bindir='${exec_prefix}/bin'
build='x86_64-unknown-linux-gnu'
build_alias=''
build_cpu='x86_64'
build_os='linux-gnu'
build_vendor='unknown'
datadir='${datarootdir}'
datarootdir='${prefix}/share'
docdir='${datarootdir}/doc/${PACKAGE_TARNAME}'
dvidir='${docdir}'
exec_prefix='${prefix}'
host='x86_64-unknown-linux-gnu'
host_alias=''
host_cpu='x86_64'
host_os='linux-gnu'
host_vendor='unknown'
htmldir='${docdir}'
includedir='${prefix}/include'
infodir='${datarootdir}/info'
install_sh='${SHELL} /home/chatzidp/pi4u_0.1/pndl/auxdir/install-sh'
libdir='${exec_prefix}/lib'
libexecdir='${exec_prefix}/libexec'
localedir='${datarootdir}/locale'
localstatedir='${prefix}/var'
mandir='${datarootdir}/man'
mkdir_p='$(MKDIR_P)'
oldincludedir='/usr/include'
pdfdir='${docdir}'
prefix='/usr/local'
program_transform_name='s,x,x,'
psdir='${docdir}'
sbindir='${exec_prefix}/sbin'
sharedstatedir='${prefix}/com'
sysconfdir='${prefix}/etc'
target='x86_64-unknown-linux-gnu'
target_alias=''
target_cpu='x86_64'
target_os='linux-gnu'
target_vendor='unknown'

## ----------- ##
## confdefs.h. ##
## ----------- ##

/* confdefs.h */
#define PACKAGE_NAME "pndl"
#define PACKAGE_TARNAME "pndl"
#define PACKAGE_VERSION "1.0.0"
#define PACKAGE_STRING "pndl 1.0.0"
#define PACKAGE_BUGREPORT ""
#define PACKAGE_URL ""
#define PACKAGE "pndl"
#define VERSION "1.0.0"
#define F77_FUNC(name,NAME) name ## _
#define F77_FUNC_(name,NAME) name ## _

configure: exit 0

## ---------------------- ##
## Running config.status. ##
## ---------------------- ##

This file was extended by pndl config.status 1.0.0, which was
generated by GNU Autoconf 2.69.  Invocation command line was

  CONFIG_FILES    = 
  CONFIG_HEADERS  = 
  CONFIG_LINKS    = 
  CONFIG_COMMANDS = 
  $ ./config.status src/pndl_config.h

on panda.ethz.ch

config.status:875: creating src/pndl_config.h
config.status:1056: src/pndl_config.h is unchanged
